TN:
SF:src/server.js
FN:7,(anonymous_0)
FN:17,(anonymous_1)
FN:23,(anonymous_2)
FNF:3
FNH:3
FNDA:1,(anonymous_0)
FNDA:1,(anonymous_1)
FNDA:1,(anonymous_2)
DA:1,1
DA:2,1
DA:3,1
DA:4,1
DA:7,1
DA:10,1
DA:11,1
DA:14,1
DA:17,1
DA:18,1
DA:19,1
DA:23,1
DA:26,1
DA:27,1
DA:28,1
DA:29,1
DA:31,1
DA:34,1
LF:18
LH:18
BRF:0
BRH:0
end_of_record
TN:
SF:src/utils.js
FN:2,(anonymous_0)
FN:6,(anonymous_1)
FN:9,(anonymous_2)
FN:12,(anonymous_3)
FN:17,(anonymous_4)
FN:23,(anonymous_5)
FN:33,(anonymous_6)
FN:38,(anonymous_7)
FN:39,(anonymous_8)
FN:46,(anonymous_9)
FNF:10
FNH:2
FNDA:0,(anonymous_0)
FNDA:0,(anonymous_1)
FNDA:0,(anonymous_2)
FNDA:0,(anonymous_3)
FNDA:0,(anonymous_4)
FNDA:3,(anonymous_5)
FNDA:0,(anonymous_6)
FNDA:1,(anonymous_7)
FNDA:0,(anonymous_8)
FNDA:0,(anonymous_9)
DA:2,1
DA:3,0
DA:4,0
DA:6,1
DA:7,0
DA:8,0
DA:9,0
DA:10,0
DA:12,0
DA:13,0
DA:17,1
DA:18,0
DA:19,0
DA:21,0
DA:23,1
DA:24,3
DA:25,3
DA:26,3
DA:27,3
DA:29,3
DA:31,3
DA:33,1
DA:34,0
DA:35,0
DA:38,1
DA:39,1
DA:40,0
DA:41,0
DA:43,0
DA:46,1
DA:47,0
DA:48,0
DA:51,1
LF:33
LH:15
BRDA:18,0,0,0
BRDA:18,0,1,0
BRDA:24,1,0,3
BRDA:24,1,1,3
BRDA:40,2,0,0
BRDA:40,2,1,0
BRF:6
BRH:2
end_of_record
